<?xml version="1.0" encoding="utf-8"?><testsuites name="pytest tests"><testsuite name="pytest" errors="0" failures="0" skipped="0" tests="13" time="25.197" timestamp="2026-03-02T15:46:50.686862+00:00" hostname="agent-env-624c7f0e-e415-4926-99a7-419a16d70dbe"><testcase classname="backend.tests.test_fatty_acids.TestAuth" name="test_login_success" time="1.137" /><testcase classname="backend.tests.test_fatty_acids.TestFattyAcidSuggestions" name="test_get_fatty_acid_suggestions" time="1.837" /><testcase classname="backend.tests.test_fatty_acids.TestFattyAcidSuggestions" name="test_fatty_acid_suggestions_with_date" time="1.652" /><testcase classname="backend.tests.test_fatty_acids.TestFattyAcidSuggestions" name="test_fatty_acid_deficit_structure" time="2.252" /><testcase classname="backend.tests.test_fatty_acids.TestOmegaRichFoods" name="test_get_omega3_rich_foods" time="1.606" /><testcase classname="backend.tests.test_fatty_acids.TestOmegaRichFoods" name="test_get_omega6_rich_foods" time="1.624" /><testcase classname="backend.tests.test_fatty_acids.TestFoodDetailsWithFattyAcids" name="test_salmon_has_fatty_acids" time="2.647" /><testcase classname="backend.tests.test_fatty_acids.TestFoodDetailsWithFattyAcids" name="test_food_search_returns_results" time="2.738" /><testcase classname="backend.tests.test_fatty_acids.TestFoodLogWithFattyAcids" name="test_create_food_log_with_fatty_acids" time="3.032" /><testcase classname="backend.tests.test_fatty_acids.TestFoodLogWithFattyAcids" name="test_fatty_acids_affect_suggestions" time="1.627" /><testcase classname="backend.tests.test_fatty_acids.TestAminoAcidSuggestions" name="test_get_amino_acid_suggestions" time="1.657" /><testcase classname="backend.tests.test_fatty_acids.TestAminoAcidSuggestions" name="test_complete_protein_endpoint" time="1.675" /><testcase classname="backend.tests.test_fatty_acids.TestTrendsWeeklyStats" name="test_weekly_trends_endpoint" time="1.654" /></testsuite></testsuites>