<?xml version="1.0" encoding="utf-8"?><testsuites name="pytest tests"><testsuite name="pytest" errors="0" failures="2" skipped="0" tests="18" time="4.569" timestamp="2026-03-04T04:12:53.288960+00:00" hostname="agent-env-fecdb433-c03c-4923-89bb-f8fda160fa09"><testcase classname="backend.tests.test_new_features.TestMealLibraryAPI" name="test_get_meal_library" time="1.123" /><testcase classname="backend.tests.test_new_features.TestMealLibraryAPI" name="test_meal_library_with_search" time="0.080" /><testcase classname="backend.tests.test_new_features.TestMealLibraryAPI" name="test_meal_library_with_keto_filter" time="0.100" /><testcase classname="backend.tests.test_new_features.TestMealLibraryAPI" name="test_meal_library_sort_by_popular" time="0.082" /><testcase classname="backend.tests.test_new_features.TestMealLibraryAPI" name="test_meal_library_sort_by_protein" time="0.133" /><testcase classname="backend.tests.test_new_features.TestCustomMealsAndPublish" name="test_create_custom_meal" time="0.451" /><testcase classname="backend.tests.test_new_features.TestCustomMealsAndPublish" name="test_get_custom_meals" time="0.102" /><testcase classname="backend.tests.test_new_features.TestCustomMealsAndPublish" name="test_publish_custom_meal" time="0.162" /><testcase classname="backend.tests.test_new_features.TestCustomMealsAndPublish" name="test_unpublish_meal" time="0.221" /><testcase classname="backend.tests.test_new_features.TestMealLibraryInteractions" name="test_like_public_meal" time="0.541" /><testcase classname="backend.tests.test_new_features.TestMealLibraryInteractions" name="test_save_public_meal" time="0.093" /><testcase classname="backend.tests.test_new_features.TestMealLibraryInteractions" name="test_get_saved_meals" time="0.078" /><testcase classname="backend.tests.test_new_features.TestMealLibraryInteractions" name="test_copy_public_meal" time="0.092" /><testcase classname="backend.tests.test_new_features.TestMealLibraryInteractions" name="test_unsave_public_meal" time="0.153" /><testcase classname="backend.tests.test_new_features.TestOnboardingSettings" name="test_update_settings_with_onboarding" time="0.442" /><testcase classname="backend.tests.test_new_features.TestOnboardingSettings" name="test_get_me_returns_onboarding_status" time="0.117" /><testcase classname="backend.tests.test_new_features.TestKetoAndNutritionScores" name="test_get_keto_score" time="0.373"><failure message="assert 404 == 200&#10; +  where 404 = &lt;Response [404]&gt;.status_code">backend/tests/test_new_features.py:381: in test_get_keto_score
    assert response.status_code == 200
E   assert 404 == 200
E    +  where 404 = &lt;Response [404]&gt;.status_code</failure></testcase><testcase classname="backend.tests.test_new_features.TestKetoAndNutritionScores" name="test_get_nutrition_score" time="0.071"><failure message="assert 404 == 200&#10; +  where 404 = &lt;Response [404]&gt;.status_code">backend/tests/test_new_features.py:394: in test_get_nutrition_score
    assert response.status_code == 200
E   assert 404 == 200
E    +  where 404 = &lt;Response [404]&gt;.status_code</failure></testcase></testsuite></testsuites>