<?xml version="1.0" encoding="utf-8"?><testsuites name="pytest tests"><testsuite name="pytest" errors="0" failures="0" skipped="0" tests="11" time="41.125" timestamp="2026-03-04T21:27:22.161340+00:00" hostname="agent-env-b8e4058b-fc29-444f-a51e-091de3a383c8"><testcase classname="backend.tests.test_food_search_details.TestFoodSearchAPI" name="test_search_eggs_returns_results" time="4.717" /><testcase classname="backend.tests.test_food_search_details.TestFoodSearchAPI" name="test_search_prioritizes_foundation_sr_legacy" time="3.773" /><testcase classname="backend.tests.test_food_search_details.TestFoodSearchAPI" name="test_search_response_structure" time="2.768" /><testcase classname="backend.tests.test_food_search_details.TestFoodDetailsAPI" name="test_get_food_details_success" time="4.530" /><testcase classname="backend.tests.test_food_search_details.TestFoodDetailsAPI" name="test_food_details_has_macros" time="5.089" /><testcase classname="backend.tests.test_food_search_details.TestFoodDetailsAPI" name="test_food_details_amino_acids" time="5.420" /><testcase classname="backend.tests.test_food_search_details.TestFoodDetailsAPI" name="test_food_details_fatty_acids" time="4.828" /><testcase classname="backend.tests.test_food_search_details.TestFoodDetailsAPI" name="test_food_not_found_returns_404" time="4.280" /><testcase classname="backend.tests.test_food_search_details.TestAddToLogAPI" name="test_add_food_to_log" time="1.801" /><testcase classname="backend.tests.test_food_search_details.TestFavoritesAPI" name="test_check_favorite_status" time="1.596" /><testcase classname="backend.tests.test_food_search_details.TestFavoritesAPI" name="test_add_to_favorites" time="2.270" /></testsuite></testsuites>