<?xml version="1.0" encoding="utf-8"?><testsuites name="pytest tests"><testsuite name="pytest" errors="0" failures="0" skipped="0" tests="9" time="16.829" timestamp="2026-03-04T02:05:19.220009+00:00" hostname="agent-env-fecdb433-c03c-4923-89bb-f8fda160fa09"><testcase classname="tests.test_user_defaults.TestUserRegistrationDefaults" name="test_new_user_defaults_to_imperial" time="1.403" /><testcase classname="tests.test_user_defaults.TestExistingUserSettings" name="test_login_returns_user_with_unit_system" time="1.889" /><testcase classname="tests.test_user_defaults.TestExistingUserSettings" name="test_update_settings_with_all_fields" time="1.891" /><testcase classname="tests.test_user_defaults.TestExistingUserSettings" name="test_update_unit_system_only" time="3.069" /><testcase classname="tests.test_user_defaults.TestExistingUserSettings" name="test_invalid_unit_system_rejected" time="1.620" /><testcase classname="tests.test_user_defaults.TestSettingsNumericInputValidation" name="test_body_weight_accepts_numeric" time="1.687" /><testcase classname="tests.test_user_defaults.TestSettingsNumericInputValidation" name="test_body_fat_accepts_numeric" time="1.643" /><testcase classname="tests.test_user_defaults.TestSettingsNumericInputValidation" name="test_protein_multiplier_accepts_numeric" time="1.652" /><testcase classname="tests.test_user_defaults.TestSettingsNumericInputValidation" name="test_carb_limit_accepts_numeric" time="1.866" /></testsuite></testsuites>