<?xml version="1.0" encoding="utf-8"?><testsuites name="pytest tests"><testsuite name="pytest" errors="0" failures="0" skipped="0" tests="9" time="4.851" timestamp="2026-03-04T00:55:07.689758+00:00" hostname="agent-env-e5bcbd0d-5ac4-404f-9c94-1de20413efa3"><testcase classname="tests.test_custom_foods.TestCustomFoodsCRUD" name="test_get_custom_foods_list" time="0.966" /><testcase classname="tests.test_custom_foods.TestCustomFoodsCRUD" name="test_create_custom_food" time="0.439" /><testcase classname="tests.test_custom_foods.TestCustomFoodsCRUD" name="test_create_and_get_custom_food" time="0.489" /><testcase classname="tests.test_custom_foods.TestCustomFoodsCRUD" name="test_update_custom_food" time="0.579" /><testcase classname="tests.test_custom_foods.TestCustomFoodsCRUD" name="test_delete_custom_food" time="0.522" /><testcase classname="tests.test_custom_foods.TestCustomFoodsCRUD" name="test_delete_nonexistent_food_returns_404" time="0.351" /><testcase classname="tests.test_custom_foods.TestCustomFoodsCRUD" name="test_create_food_name_required" time="0.396" /><testcase classname="tests.test_custom_foods.TestCustomFoodsInSearch" name="test_custom_food_appears_in_search" time="0.476" /><testcase classname="tests.test_custom_foods.TestCustomFoodsInSearch" name="test_custom_food_details_via_search_id" time="0.516" /></testsuite></testsuites>