<?xml version="1.0" encoding="utf-8"?><testsuites name="pytest tests"><testsuite name="pytest" errors="0" failures="0" skipped="1" tests="16" time="153.200" timestamp="2026-03-03T21:14:25.013090+00:00" hostname="agent-env-e5bcbd0d-5ac4-404f-9c94-1de20413efa3"><testcase classname="backend.tests.test_unified_search.TestAuth" name="test_login_success" time="1.347" /><testcase classname="backend.tests.test_unified_search.TestUnifiedFoodSearch" name="test_search_returns_both_usda_and_off_results" time="16.419" /><testcase classname="backend.tests.test_unified_search.TestUnifiedFoodSearch" name="test_search_results_have_source_field" time="17.983" /><testcase classname="backend.tests.test_unified_search.TestUnifiedFoodSearch" name="test_usda_results_have_amino_acid_flag" time="13.820" /><testcase classname="backend.tests.test_unified_search.TestUnifiedFoodSearch" name="test_off_results_have_correct_structure" time="16.270" /><testcase classname="backend.tests.test_unified_search.TestUnifiedFoodSearch" name="test_search_filter_by_usda_source" time="3.283" /><testcase classname="backend.tests.test_unified_search.TestUnifiedFoodSearch" name="test_search_filter_by_off_source" time="18.991" /><testcase classname="backend.tests.test_unified_search.TestFoodDetailsUSDA" name="test_get_usda_food_details" time="7.087" /><testcase classname="backend.tests.test_unified_search.TestFoodDetailsUSDA" name="test_usda_food_with_amino_acids_profile" time="2.467" /><testcase classname="backend.tests.test_unified_search.TestFoodDetailsOpenFoodFacts" name="test_get_off_food_details" time="22.065"><skipped type="pytest.skip" message="No OFF results to test with">/app/backend/tests/test_unified_search.py:295: No OFF results to test with</skipped></testcase><testcase classname="backend.tests.test_unified_search.TestFoodDetailsOpenFoodFacts" name="test_off_detail_has_serving_info" time="20.957" /><testcase classname="backend.tests.test_unified_search.TestFavoritesFunctionality" name="test_check_favorite_status_usda" time="1.613" /><testcase classname="backend.tests.test_unified_search.TestFavoritesFunctionality" name="test_add_and_remove_favorite_usda" time="3.774" /><testcase classname="backend.tests.test_unified_search.TestFavoritesFunctionality" name="test_check_favorite_status_off" time="1.641" /><testcase classname="backend.tests.test_unified_search.TestAddToLogFunctionality" name="test_add_usda_food_to_log" time="2.321" /><testcase classname="backend.tests.test_unified_search.TestAddToLogFunctionality" name="test_add_off_food_to_log" time="3.045" /></testsuite></testsuites>