<?xml version="1.0" encoding="utf-8"?><testsuites name="pytest tests"><testsuite name="pytest" errors="0" failures="0" skipped="0" tests="15" time="27.090" timestamp="2026-03-08T17:52:14.640487+00:00" hostname="agent-env-b68c09cf-1ff3-4491-8a0c-f9570fa8c4d3"><testcase classname="backend.tests.test_meal_builder.TestMealBuilder" name="test_create_custom_meal_basic" time="1.873" /><testcase classname="backend.tests.test_meal_builder.TestMealBuilder" name="test_create_meal_calculates_macros_correctly" time="0.886" /><testcase classname="backend.tests.test_meal_builder.TestMealBuilder" name="test_create_meal_keto_tier_calculation" time="2.795" /><testcase classname="backend.tests.test_meal_builder.TestMealBuilder" name="test_get_custom_meals" time="0.749" /><testcase classname="backend.tests.test_meal_builder.TestMealBuilder" name="test_create_meal_without_name_validation" time="0.694" /><testcase classname="backend.tests.test_meal_builder.TestMealBuilder" name="test_create_meal_empty_foods" time="0.901" /><testcase classname="backend.tests.test_meal_builder.TestMealBuilder" name="test_delete_custom_meal" time="2.077" /><testcase classname="backend.tests.test_meal_builder.TestMealBuilder" name="test_delete_nonexistent_meal" time="0.699" /><testcase classname="backend.tests.test_meal_builder.TestMealBuilder" name="test_food_search_for_meal_builder" time="4.605" /><testcase classname="backend.tests.test_meal_builder.TestMealBuilder" name="test_food_details_for_meal_builder" time="0.903" /><testcase classname="backend.tests.test_meal_builder.TestMealBuilder" name="test_log_custom_meal" time="1.443" /><testcase classname="backend.tests.test_meal_builder.TestMealBuilder" name="test_log_nonexistent_meal" time="0.703" /><testcase classname="backend.tests.test_meal_builder.TestMealBuilder" name="test_create_meal_requires_auth" time="0.696" /><testcase classname="backend.tests.test_meal_builder.TestMealBuilder" name="test_get_meals_requires_auth" time="0.701" /><testcase classname="backend.tests.test_meal_builder.TestMealBuilderCleanup" name="test_cleanup_test_meals" time="7.256" /></testsuite></testsuites>