<?xml version="1.0" encoding="utf-8"?><testsuites name="pytest tests"><testsuite name="pytest" errors="0" failures="0" skipped="0" tests="15" time="23.697" timestamp="2026-03-05T20:07:39.530009+00:00" hostname="agent-env-2da14a9e-2222-4da1-affb-c56e6e8ed006"><testcase classname="backend.tests.test_food_search_details_v2.TestFoodSearchWithCalories" name="test_search_chicken_returns_calories" time="4.894" /><testcase classname="backend.tests.test_food_search_details_v2.TestFoodSearchWithCalories" name="test_search_egg_returns_calories" time="3.872" /><testcase classname="backend.tests.test_food_search_details_v2.TestFoodSearchWithCalories" name="test_search_returns_protein_per_100g" time="3.876" /><testcase classname="backend.tests.test_food_search_details_v2.TestFoodSearchWithCalories" name="test_search_returns_tier_info" time="3.884" /><testcase classname="backend.tests.test_food_search_details_v2.TestFoodDetails" name="test_food_details_169886_chicken" time="1.295" /><testcase classname="backend.tests.test_food_search_details_v2.TestFoodDetails" name="test_food_details_174901_bagels" time="1.262" /><testcase classname="backend.tests.test_food_search_details_v2.TestFoodDetails" name="test_food_details_includes_serving_info" time="0.377" /><testcase classname="backend.tests.test_food_search_details_v2.TestFoodDetails" name="test_food_details_includes_source" time="0.362" /><testcase classname="backend.tests.test_food_search_details_v2.TestFoodDetails" name="test_food_details_has_amino_acids_for_sr_legacy" time="0.356" /><testcase classname="backend.tests.test_food_search_details_v2.TestFoodDetails" name="test_food_details_404_for_invalid_id" time="1.417" /><testcase classname="backend.tests.test_food_search_details_v2.TestFDCCachingBehavior" name="test_repeated_requests_are_faster" time="0.425" /><testcase classname="backend.tests.test_food_search_details_v2.TestMealTypeFlow" name="test_log_food_with_meal_type_breakfast" time="0.418" /><testcase classname="backend.tests.test_food_search_details_v2.TestMealTypeFlow" name="test_log_food_with_meal_type_lunch" time="0.402" /><testcase classname="backend.tests.test_food_search_details_v2.TestMealTypeFlow" name="test_log_food_with_meal_type_dinner" time="0.379" /><testcase classname="backend.tests.test_food_search_details_v2.TestMealTypeFlow" name="test_log_food_with_meal_type_snack" time="0.367" /></testsuite></testsuites>